[0.015s] Invoking command in '/home/lucasjko/sdfr_ws/build/ball_detection': CMAKE_PREFIX_PATH=/home/lucasjko/sdfr_ws/install/image_functions_sdfr:/home/lucasjko/sdfr_ws/install/ball_detection_message:/home/lucasjko/sdfr_ws/install/ros2_introduction:/home/lucasjko/sdfr_ws/install/ros2_introduction_message:/home/lucasjko/sdfr_ws/install/ball_detection:/opt/ros/humble LD_LIBRARY_PATH=/home/lucasjko/sdfr_ws/install/image_functions_sdfr/lib:/home/lucasjko/sdfr_ws/install/ball_detection_message/lib:/home/lucasjko/sdfr_ws/install/ros2_introduction_message/lib:/opt/ros/humble/opt/rviz_ogre_vendor/lib:/opt/ros/humble/lib/x86_64-linux-gnu:/opt/ros/humble/lib /usr/bin/cmake --build /home/lucasjko/sdfr_ws/build/ball_detection -- -j8 -l8
[0.046s] -- Found ament_cmake: 1.3.8 (/opt/ros/humble/share/ament_cmake/cmake)
[0.177s] -- Found rclcpp: 16.0.8 (/opt/ros/humble/share/rclcpp/cmake)
[0.218s] -- Found rosidl_generator_c: 3.1.5 (/opt/ros/humble/share/rosidl_generator_c/cmake)
[0.221s] -- Found rosidl_adapter: 3.1.5 (/opt/ros/humble/share/rosidl_adapter/cmake)
[0.229s] -- Found rosidl_generator_cpp: 3.1.5 (/opt/ros/humble/share/rosidl_generator_cpp/cmake)
[0.243s] -- Using all available rosidl_typesupport_c: rosidl_typesupport_fastrtps_c;rosidl_typesupport_introspection_c
[0.260s] -- Using all available rosidl_typesupport_cpp: rosidl_typesupport_fastrtps_cpp;rosidl_typesupport_introspection_cpp
[0.325s] -- Found rmw_implementation_cmake: 6.1.1 (/opt/ros/humble/share/rmw_implementation_cmake/cmake)
[0.327s] -- Found rmw_fastrtps_cpp: 6.2.6 (/opt/ros/humble/share/rmw_fastrtps_cpp/cmake)
[0.449s] -- Using RMW implementation 'rmw_fastrtps_cpp' as default
[0.616s] -- Found sensor_msgs: 4.2.3 (/opt/ros/humble/share/sensor_msgs/cmake)
[0.741s] -- Found image_functions_sdfr: 2.1.0 (/home/lucasjko/sdfr_ws/install/image_functions_sdfr/share/image_functions_sdfr/cmake)
[0.746s] -- Found ball_detection_message: 1.0.0 (/home/lucasjko/sdfr_ws/install/ball_detection_message/share/ball_detection_message/cmake)
[0.821s] -- Configuring done
[0.837s] -- Generating done
[0.839s] -- Build files have been written to: /home/lucasjko/sdfr_ws/build/ball_detection
[0.865s] [35m[1mConsolidate compiler generated dependencies of target find_ball_exe[0m
[0.885s] [ 66%] [32mBuilding CXX object CMakeFiles/find_ball_exe.dir/src/image_processing.cpp.o[0m
[0.885s] [ 66%] [32mBuilding CXX object CMakeFiles/find_ball_exe.dir/src/find_ball.cpp.o[0m
[1.333s] In file included from [01m[K/home/lucasjko/sdfr_ws/src/ball_detection/src/image_processing.cpp:1[m[K:
[1.333s] [01m[K/home/lucasjko/sdfr_ws/src/ball_detection/src/../include/ball_detection/image_processing.hpp:13:29:[m[K [01;35m[Kwarning: [m[Kuse of â€˜[01m[Kauto[m[Kâ€™ in parameter declaration only available with â€˜[01m[K-std=c++20[m[Kâ€™ or â€˜[01m[K-fconcepts[m[Kâ€™
[1.334s]    13 |         void getBinaryImage([01;35m[Kauto[m[K &img, int &width, int &height); // check pointer
[1.334s]       |                             [01;35m[K^~~~[m[K
[1.339s] [01m[K/home/lucasjko/sdfr_ws/src/ball_detection/src/image_processing.cpp:77:38:[m[K [01;35m[Kwarning: [m[Kuse of â€˜[01m[Kauto[m[Kâ€™ in parameter declaration only available with â€˜[01m[K-std=c++20[m[Kâ€™ or â€˜[01m[K-fconcepts[m[Kâ€™
[1.340s]    77 | void ImageProcessing::getBinaryImage([01;35m[Kauto[m[K &img, int &width, int &height){
[1.340s]       |                                      [01;35m[K^~~~[m[K
[1.340s] [01m[K/home/lucasjko/sdfr_ws/src/ball_detection/src/image_processing.cpp:[m[K In member function â€˜[01m[Kvoid ImageProcessing::getBinaryImage(auto:2&, int&, int&)[m[Kâ€™:
[1.340s] [01m[K/home/lucasjko/sdfr_ws/src/ball_detection/src/image_processing.cpp:82:24:[m[K [01;31m[Kerror: [m[Kno matching function for call to â€˜[01m[KImageProcessing::isGreen(std::array<int, 3>&)[m[Kâ€™
[1.340s]    82 |             if ([01;31m[KisGreen(hsvPixel)[m[K){
[1.340s]       |                 [01;31m[K~~~~~~~^~~~~~~~~~[m[K
[1.340s] [01m[K/home/lucasjko/sdfr_ws/src/ball_detection/src/image_processing.cpp:68:6:[m[K [01;36m[Knote: [m[Kcandidate: â€˜[01m[Kbool ImageProcessing::isGreen(std::array<int, 3>&, std::array<int, 3>&, std::array<int, 3>&)[m[Kâ€™
[1.340s]    68 | bool [01;36m[KImageProcessing[m[K::isGreen(std::array<int, 3> &pixel, std::array<int, 3> &greenMin, std::array<int, 3> &greenMax){
[1.340s]       |      [01;36m[K^~~~~~~~~~~~~~~[m[K
[1.344s] [01m[K/home/lucasjko/sdfr_ws/src/ball_detection/src/image_processing.cpp:68:6:[m[K [01;36m[Knote: [m[K  candidate expects 3 arguments, 1 provided
[1.394s] gmake[2]: *** [CMakeFiles/find_ball_exe.dir/build.make:90: CMakeFiles/find_ball_exe.dir/src/image_processing.cpp.o] Error 1
[1.394s] gmake[2]: *** Waiting for unfinished jobs....
[2.938s] In file included from [01m[K/home/lucasjko/sdfr_ws/src/ball_detection/src/find_ball.cpp:2[m[K:
[2.939s] [01m[K/home/lucasjko/sdfr_ws/src/ball_detection/include/ball_detection/image_processing.hpp:13:29:[m[K [01;35m[Kwarning: [m[Kuse of â€˜[01m[Kauto[m[Kâ€™ in parameter declaration only available with â€˜[01m[K-std=c++20[m[Kâ€™ or â€˜[01m[K-fconcepts[m[Kâ€™
[2.939s]    13 |         void getBinaryImage([01;35m[Kauto[m[K &img, int &width, int &height); // check pointer
[2.939s]       |                             [01;35m[K^~~~[m[K
[8.094s] gmake[1]: *** [CMakeFiles/Makefile2:137: CMakeFiles/find_ball_exe.dir/all] Error 2
[8.094s] gmake: *** [Makefile:146: all] Error 2
[8.097s] Invoked command in '/home/lucasjko/sdfr_ws/build/ball_detection' returned '2': CMAKE_PREFIX_PATH=/home/lucasjko/sdfr_ws/install/image_functions_sdfr:/home/lucasjko/sdfr_ws/install/ball_detection_message:/home/lucasjko/sdfr_ws/install/ros2_introduction:/home/lucasjko/sdfr_ws/install/ros2_introduction_message:/home/lucasjko/sdfr_ws/install/ball_detection:/opt/ros/humble LD_LIBRARY_PATH=/home/lucasjko/sdfr_ws/install/image_functions_sdfr/lib:/home/lucasjko/sdfr_ws/install/ball_detection_message/lib:/home/lucasjko/sdfr_ws/install/ros2_introduction_message/lib:/opt/ros/humble/opt/rviz_ogre_vendor/lib:/opt/ros/humble/lib/x86_64-linux-gnu:/opt/ros/humble/lib /usr/bin/cmake --build /home/lucasjko/sdfr_ws/build/ball_detection -- -j8 -l8
