[0.025s] Invoking command in '/home/lucasjko/sdfr_ws/build/ball_detection': CMAKE_PREFIX_PATH=/home/lucasjko/sdfr_ws/install/image_functions_sdfr:/home/lucasjko/sdfr_ws/install/ball_detection_message:/home/lucasjko/sdfr_ws/install/ros2_introduction:/home/lucasjko/sdfr_ws/install/ros2_introduction_message:/home/lucasjko/sdfr_ws/install/ball_detection:/opt/ros/humble LD_LIBRARY_PATH=/home/lucasjko/sdfr_ws/install/image_functions_sdfr/lib:/home/lucasjko/sdfr_ws/install/ball_detection_message/lib:/home/lucasjko/sdfr_ws/install/ros2_introduction_message/lib:/opt/ros/humble/opt/rviz_ogre_vendor/lib:/opt/ros/humble/lib/x86_64-linux-gnu:/opt/ros/humble/lib /usr/bin/cmake --build /home/lucasjko/sdfr_ws/build/ball_detection -- -j8 -l8
[0.071s] [35m[1mConsolidate compiler generated dependencies of target find_ball_exe[0m
[0.094s] [ 50%] [32mBuilding CXX object CMakeFiles/find_ball_exe.dir/src/find_ball.cpp.o[0m
[2.878s] In file included from [01m[K/home/lucasjko/sdfr_ws/src/ball_detection/src/find_ball.cpp:2[m[K:
[2.878s] [01m[K/home/lucasjko/sdfr_ws/src/ball_detection/include/ball_detection/image_processing.hpp:34:28:[m[K [01;31m[Kerror: [m[Kextra qualification â€˜[01m[KImageProcessing::[m[Kâ€™ on member â€˜[01m[KtupleToArray[m[Kâ€™ [[01;31m[K]8;;https://gcc.gnu.org/onlinedocs/gcc/Warning-Options.html#index-fpermissive-fpermissive]8;;[m[K]
[2.878s]    34 |         std::array<int, 3> [01;31m[KImageProcessing[m[K::tupleToArray(std::tuple<int, int, int> &tupleInput);
[2.878s]       |                            [01;31m[K^~~~~~~~~~~~~~~[m[K
[2.878s] [01m[K/home/lucasjko/sdfr_ws/src/ball_detection/include/ball_detection/image_processing.hpp:35:28:[m[K [01;31m[Kerror: [m[Kextra qualification â€˜[01m[KImageProcessing::[m[Kâ€™ on member â€˜[01m[KrgbToHsv[m[Kâ€™ [[01;31m[K]8;;https://gcc.gnu.org/onlinedocs/gcc/Warning-Options.html#index-fpermissive-fpermissive]8;;[m[K]
[2.878s]    35 |         std::array<int, 3> [01;31m[KImageProcessing[m[K::rgbToHsv(std::tuple<int, int, int> &rgbInput);
[2.878s]       |                            [01;31m[K^~~~~~~~~~~~~~~[m[K
[2.878s] [01m[K/home/lucasjko/sdfr_ws/src/ball_detection/include/ball_detection/image_processing.hpp:36:14:[m[K [01;31m[Kerror: [m[Kextra qualification â€˜[01m[KImageProcessing::[m[Kâ€™ on member â€˜[01m[KisOutsideInterval[m[Kâ€™ [[01;31m[K]8;;https://gcc.gnu.org/onlinedocs/gcc/Warning-Options.html#index-fpermissive-fpermissive]8;;[m[K]
[2.878s]    36 |         bool [01;31m[KImageProcessing[m[K::isOutsideInterval(int &num, int &min, int &max);
[2.878s]       |              [01;31m[K^~~~~~~~~~~~~~~[m[K
[2.878s] [01m[K/home/lucasjko/sdfr_ws/src/ball_detection/include/ball_detection/image_processing.hpp:37:14:[m[K [01;31m[Kerror: [m[Kextra qualification â€˜[01m[KImageProcessing::[m[Kâ€™ on member â€˜[01m[KisGreen[m[Kâ€™ [[01;31m[K]8;;https://gcc.gnu.org/onlinedocs/gcc/Warning-Options.html#index-fpermissive-fpermissive]8;;[m[K]
[2.878s]    37 |         bool [01;31m[KImageProcessing[m[K::isGreen(std::array<int, 3> &pixel, std::array<int, 3> &greenMin, std::array<int, 3> &greenMax);
[2.878s]       |              [01;31m[K^~~~~~~~~~~~~~~[m[K
[2.879s] [01m[K/home/lucasjko/sdfr_ws/src/ball_detection/include/ball_detection/image_processing.hpp:38:46:[m[K [01;35m[Kwarning: [m[Kuse of â€˜[01m[Kauto[m[Kâ€™ in parameter declaration only available with â€˜[01m[K-std=c++20[m[Kâ€™ or â€˜[01m[K-fconcepts[m[Kâ€™
[2.879s]    38 |         void ImageProcessing::getBinaryImage([01;35m[Kauto[m[K &img, int &width, int &height); // check pointer
[2.879s]       |                                              [01;35m[K^~~~[m[K
[2.879s] [01m[K/home/lucasjko/sdfr_ws/src/ball_detection/include/ball_detection/image_processing.hpp:38:14:[m[K [01;31m[Kerror: [m[Kextra qualification â€˜[01m[KImageProcessing::[m[Kâ€™ on member â€˜[01m[KgetBinaryImage[m[Kâ€™ [[01;31m[K]8;;https://gcc.gnu.org/onlinedocs/gcc/Warning-Options.html#index-fpermissive-fpermissive]8;;[m[K]
[2.879s]    38 |         void [01;31m[KImageProcessing[m[K::getBinaryImage(auto &img, int &width, int &height); // check pointer
[2.879s]       |              [01;31m[K^~~~~~~~~~~~~~~[m[K
[2.879s] [01m[K/home/lucasjko/sdfr_ws/src/ball_detection/src/find_ball.cpp:[m[K In constructor â€˜[01m[KFindBall::FindBall()[m[Kâ€™:
[2.879s] [01m[K/home/lucasjko/sdfr_ws/src/ball_detection/src/find_ball.cpp:7:109:[m[K [01;31m[Kerror: [m[Kâ€˜[01m[Kimage_callback[m[Kâ€™ is not a member of â€˜[01m[KFindBall[m[Kâ€™
[2.879s]     7 | <sensor_msgs::msg::Image>("image", 10, std::bind(&FindBall::[01;31m[Kimage_callback[m[K, this, _1));
[2.879s]       |                                                             [01;31m[K^~~~~~~~~~~~~~[m[K
[2.879s] 
[2.880s] [01m[K/home/lucasjko/sdfr_ws/src/ball_detection/src/find_ball.cpp:[m[K At global scope:
[2.880s] [01m[K/home/lucasjko/sdfr_ws/src/ball_detection/src/find_ball.cpp:11:6:[m[K [01;31m[Kerror: [m[Kno declaration matches â€˜[01m[Kvoid FindBall::image_callback(sensor_msgs::msg::Image_<std::allocator<void> >::ConstSharedPtr)[m[Kâ€™
[2.880s]    11 | void [01;31m[KFindBall[m[K::image_callback(sensor_msgs::msg::Image::ConstSharedPtr img) {
[2.880s]       |      [01;31m[K^~~~~~~~[m[K
[2.880s] [01m[K/home/lucasjko/sdfr_ws/src/ball_detection/src/find_ball.cpp:11:6:[m[K [01;36m[Knote: [m[Kno functions named â€˜[01m[Kvoid FindBall::image_callback(sensor_msgs::msg::Image_<std::allocator<void> >::ConstSharedPtr)[m[Kâ€™
[2.881s] In file included from [01m[K/home/lucasjko/sdfr_ws/src/ball_detection/src/find_ball.cpp:1[m[K:
[2.881s] [01m[K/home/lucasjko/sdfr_ws/src/ball_detection/include/ball_detection/find_ball.hpp:16:7:[m[K [01;36m[Knote: [m[Kâ€˜[01m[Kclass FindBall[m[Kâ€™ defined here
[2.881s]    16 | class [01;36m[KFindBall[m[K : public rclcpp::Node {
[2.881s]       |       [01;36m[K^~~~~~~~[m[K
[3.646s] gmake[2]: *** [CMakeFiles/find_ball_exe.dir/build.make:76: CMakeFiles/find_ball_exe.dir/src/find_ball.cpp.o] Error 1
[3.646s] gmake[1]: *** [CMakeFiles/Makefile2:137: CMakeFiles/find_ball_exe.dir/all] Error 2
[3.647s] gmake: *** [Makefile:146: all] Error 2
[3.649s] Invoked command in '/home/lucasjko/sdfr_ws/build/ball_detection' returned '2': CMAKE_PREFIX_PATH=/home/lucasjko/sdfr_ws/install/image_functions_sdfr:/home/lucasjko/sdfr_ws/install/ball_detection_message:/home/lucasjko/sdfr_ws/install/ros2_introduction:/home/lucasjko/sdfr_ws/install/ros2_introduction_message:/home/lucasjko/sdfr_ws/install/ball_detection:/opt/ros/humble LD_LIBRARY_PATH=/home/lucasjko/sdfr_ws/install/image_functions_sdfr/lib:/home/lucasjko/sdfr_ws/install/ball_detection_message/lib:/home/lucasjko/sdfr_ws/install/ros2_introduction_message/lib:/opt/ros/humble/opt/rviz_ogre_vendor/lib:/opt/ros/humble/lib/x86_64-linux-gnu:/opt/ros/humble/lib /usr/bin/cmake --build /home/lucasjko/sdfr_ws/build/ball_detection -- -j8 -l8
