[0.014s] Invoking command in '/home/lucasjko/sdfr_ws/build/ball_detection': CMAKE_PREFIX_PATH=/home/lucasjko/sdfr_ws/install/image_functions_sdfr:/home/lucasjko/sdfr_ws/install/ball_detection_message:/home/lucasjko/sdfr_ws/install/ros2_introduction:/home/lucasjko/sdfr_ws/install/ros2_introduction_message:/home/lucasjko/sdfr_ws/install/ball_detection:/opt/ros/humble LD_LIBRARY_PATH=/home/lucasjko/sdfr_ws/install/image_functions_sdfr/lib:/home/lucasjko/sdfr_ws/install/ball_detection_message/lib:/home/lucasjko/sdfr_ws/install/ros2_introduction_message/lib:/opt/ros/humble/opt/rviz_ogre_vendor/lib:/opt/ros/humble/lib/x86_64-linux-gnu:/opt/ros/humble/lib /usr/bin/cmake --build /home/lucasjko/sdfr_ws/build/ball_detection -- -j8 -l8
[0.056s] [35m[1mConsolidate compiler generated dependencies of target find_ball_exe[0m
[0.075s] [ 66%] [32mBuilding CXX object CMakeFiles/find_ball_exe.dir/src/find_ball.cpp.o[0m
[0.075s] [ 66%] [32mBuilding CXX object CMakeFiles/find_ball_exe.dir/src/image_processing.cpp.o[0m
[2.199s] [01m[K/home/lucasjko/sdfr_ws/src/ball_detection/src/find_ball.cpp:[m[K In member function â€˜[01m[Kvoid FindBall::image_callback(sensor_msgs::msg::Image_<std::allocator<void> >::ConstSharedPtr)[m[Kâ€™:
[2.199s] [01m[K/home/lucasjko/sdfr_ws/src/ball_detection/src/find_ball.cpp:20:24:[m[K [01;31m[Kerror: [m[Kcannot convert â€˜[01m[Kshared_ptr<Image_<[...]>>[m[Kâ€™ to â€˜[01m[Kshared_ptr<Image_<[...]>>[m[Kâ€™
[2.199s]    20 |     obj.getBinaryImage([01;31m[Kimg[m[K, imageWidth, imageHeight);
[2.199s]       |                        [01;31m[K^~~[m[K
[2.199s]       |                        [01;31m[K|[m[K
[2.199s]       |                        [01;31m[Kshared_ptr<Image_<[...]>>[m[K
[2.199s] In file included from [01m[K/home/lucasjko/sdfr_ws/src/ball_detection/include/ball_detection/find_ball.hpp:12[m[K,
[2.199s]                  from [01m[K/home/lucasjko/sdfr_ws/src/ball_detection/src/find_ball.cpp:1[m[K:
[2.199s] [01m[K/home/lucasjko/sdfr_ws/src/ball_detection/include/ball_detection/image_processing.hpp:14:64:[m[K [01;36m[Knote: [m[K  initializing argument 1 of â€˜[01m[Kvoid ImageProcessing::getBinaryImage(sensor_msgs::msg::Image_<std::allocator<void> >::SharedPtr, int&, int&)[m[Kâ€™
[2.200s]    14 |         void getBinaryImage([01;36m[Ksensor_msgs::msg::Image::SharedPtr img[m[K, int &width, int &height); // check pointer
[2.200s]       |                             [01;36m[K~~~~~~~~~~~~~~~~~~~~~~~~~~~~~~~~~~~^~~[m[K
[4.286s] gmake[2]: *** [CMakeFiles/find_ball_exe.dir/build.make:76: CMakeFiles/find_ball_exe.dir/src/find_ball.cpp.o] Error 1
[4.286s] gmake[1]: *** [CMakeFiles/Makefile2:137: CMakeFiles/find_ball_exe.dir/all] Error 2
[4.287s] gmake: *** [Makefile:146: all] Error 2
[4.292s] Invoked command in '/home/lucasjko/sdfr_ws/build/ball_detection' returned '2': CMAKE_PREFIX_PATH=/home/lucasjko/sdfr_ws/install/image_functions_sdfr:/home/lucasjko/sdfr_ws/install/ball_detection_message:/home/lucasjko/sdfr_ws/install/ros2_introduction:/home/lucasjko/sdfr_ws/install/ros2_introduction_message:/home/lucasjko/sdfr_ws/install/ball_detection:/opt/ros/humble LD_LIBRARY_PATH=/home/lucasjko/sdfr_ws/install/image_functions_sdfr/lib:/home/lucasjko/sdfr_ws/install/ball_detection_message/lib:/home/lucasjko/sdfr_ws/install/ros2_introduction_message/lib:/opt/ros/humble/opt/rviz_ogre_vendor/lib:/opt/ros/humble/lib/x86_64-linux-gnu:/opt/ros/humble/lib /usr/bin/cmake --build /home/lucasjko/sdfr_ws/build/ball_detection -- -j8 -l8
