[0.029s] Invoking command in '/home/lucasjko/sdfr_ws/build/ball_detection': CMAKE_PREFIX_PATH=/home/lucasjko/sdfr_ws/install/image_functions_sdfr:/home/lucasjko/sdfr_ws/install/ball_detection_message:/home/lucasjko/sdfr_ws/install/ros2_introduction:/home/lucasjko/sdfr_ws/install/ros2_introduction_message:/home/lucasjko/sdfr_ws/install/ball_detection:/opt/ros/humble LD_LIBRARY_PATH=/home/lucasjko/sdfr_ws/install/image_functions_sdfr/lib:/home/lucasjko/sdfr_ws/install/ball_detection_message/lib:/home/lucasjko/sdfr_ws/install/ros2_introduction_message/lib:/opt/ros/humble/opt/rviz_ogre_vendor/lib:/opt/ros/humble/lib/x86_64-linux-gnu:/opt/ros/humble/lib /usr/bin/cmake --build /home/lucasjko/sdfr_ws/build/ball_detection -- -j8 -l8
[0.092s] [35m[1mConsolidate compiler generated dependencies of target find_ball_exe[0m
[0.131s] [ 33%] [32mBuilding CXX object CMakeFiles/find_ball_exe.dir/src/find_ball.cpp.o[0m
[3.408s] In file included from [01m[K/home/lucasjko/sdfr_ws/src/ball_detection/include/ball_detection/find_ball.hpp:12[m[K,
[3.408s]                  from [01m[K/home/lucasjko/sdfr_ws/src/ball_detection/src/find_ball.cpp:1[m[K:
[3.409s] [01m[K/home/lucasjko/sdfr_ws/src/ball_detection/include/ball_detection/image_processing.hpp:14:29:[m[K [01;35m[Kwarning: [m[Kuse of â€˜[01m[Kauto[m[Kâ€™ in parameter declaration only available with â€˜[01m[K-std=c++20[m[Kâ€™ or â€˜[01m[K-fconcepts[m[Kâ€™
[3.409s]    14 |         void getBinaryImage([01;35m[Kauto[m[K &img, int &width, int &height); // check pointer
[3.409s]       |                             [01;35m[K^~~~[m[K
[11.804s] [ 66%] [32m[1mLinking CXX executable find_ball_exe[0m
[12.315s] /usr/bin/ld: CMakeFiles/find_ball_exe.dir/src/find_ball.cpp.o: in function `FindBall::image_callback(std::shared_ptr<sensor_msgs::msg::Image_<std::allocator<void> > const>)':
[12.315s] find_ball.cpp:(.text+0x6b9): undefined reference to `void ImageProcessing::getBinaryImage<std::shared_ptr<sensor_msgs::msg::Image_<std::allocator<void> > > >(std::shared_ptr<sensor_msgs::msg::Image_<std::allocator<void> > >&, int&, int&)'
[12.395s] collect2: error: ld returned 1 exit status
[12.397s] gmake[2]: *** [CMakeFiles/find_ball_exe.dir/build.make:200: find_ball_exe] Error 1
[12.398s] gmake[1]: *** [CMakeFiles/Makefile2:137: CMakeFiles/find_ball_exe.dir/all] Error 2
[12.398s] gmake: *** [Makefile:146: all] Error 2
[12.401s] Invoked command in '/home/lucasjko/sdfr_ws/build/ball_detection' returned '2': CMAKE_PREFIX_PATH=/home/lucasjko/sdfr_ws/install/image_functions_sdfr:/home/lucasjko/sdfr_ws/install/ball_detection_message:/home/lucasjko/sdfr_ws/install/ros2_introduction:/home/lucasjko/sdfr_ws/install/ros2_introduction_message:/home/lucasjko/sdfr_ws/install/ball_detection:/opt/ros/humble LD_LIBRARY_PATH=/home/lucasjko/sdfr_ws/install/image_functions_sdfr/lib:/home/lucasjko/sdfr_ws/install/ball_detection_message/lib:/home/lucasjko/sdfr_ws/install/ros2_introduction_message/lib:/opt/ros/humble/opt/rviz_ogre_vendor/lib:/opt/ros/humble/lib/x86_64-linux-gnu:/opt/ros/humble/lib /usr/bin/cmake --build /home/lucasjko/sdfr_ws/build/ball_detection -- -j8 -l8
