In file included from [01m[K/home/lucasjko/sdfr_ws/src/ball_detection/src/find_ball.cpp:2[m[K:
[01m[K/home/lucasjko/sdfr_ws/src/ball_detection/include/ball_detection/image_processing.hpp:34:28:[m[K [01;31m[Kerror: [m[Kextra qualification â€˜[01m[KImageProcessing::[m[Kâ€™ on member â€˜[01m[KtupleToArray[m[Kâ€™ [[01;31m[K]8;;https://gcc.gnu.org/onlinedocs/gcc/Warning-Options.html#index-fpermissive-fpermissive]8;;[m[K]
   34 |         std::array<int, 3> [01;31m[KImageProcessing[m[K::tupleToArray(std::tuple<int, int, int> &tupleInput);
      |                            [01;31m[K^~~~~~~~~~~~~~~[m[K
[01m[K/home/lucasjko/sdfr_ws/src/ball_detection/include/ball_detection/image_processing.hpp:35:28:[m[K [01;31m[Kerror: [m[Kextra qualification â€˜[01m[KImageProcessing::[m[Kâ€™ on member â€˜[01m[KrgbToHsv[m[Kâ€™ [[01;31m[K]8;;https://gcc.gnu.org/onlinedocs/gcc/Warning-Options.html#index-fpermissive-fpermissive]8;;[m[K]
   35 |         std::array<int, 3> [01;31m[KImageProcessing[m[K::rgbToHsv(std::tuple<int, int, int> &rgbInput);
      |                            [01;31m[K^~~~~~~~~~~~~~~[m[K
[01m[K/home/lucasjko/sdfr_ws/src/ball_detection/include/ball_detection/image_processing.hpp:36:14:[m[K [01;31m[Kerror: [m[Kextra qualification â€˜[01m[KImageProcessing::[m[Kâ€™ on member â€˜[01m[KisOutsideInterval[m[Kâ€™ [[01;31m[K]8;;https://gcc.gnu.org/onlinedocs/gcc/Warning-Options.html#index-fpermissive-fpermissive]8;;[m[K]
   36 |         bool [01;31m[KImageProcessing[m[K::isOutsideInterval(int &num, int &min, int &max);
      |              [01;31m[K^~~~~~~~~~~~~~~[m[K
[01m[K/home/lucasjko/sdfr_ws/src/ball_detection/include/ball_detection/image_processing.hpp:37:14:[m[K [01;31m[Kerror: [m[Kextra qualification â€˜[01m[KImageProcessing::[m[Kâ€™ on member â€˜[01m[KisGreen[m[Kâ€™ [[01;31m[K]8;;https://gcc.gnu.org/onlinedocs/gcc/Warning-Options.html#index-fpermissive-fpermissive]8;;[m[K]
   37 |         bool [01;31m[KImageProcessing[m[K::isGreen(std::array<int, 3> &pixel, std::array<int, 3> &greenMin, std::array<int, 3> &greenMax);
      |              [01;31m[K^~~~~~~~~~~~~~~[m[K
[01m[K/home/lucasjko/sdfr_ws/src/ball_detection/include/ball_detection/image_processing.hpp:38:46:[m[K [01;35m[Kwarning: [m[Kuse of â€˜[01m[Kauto[m[Kâ€™ in parameter declaration only available with â€˜[01m[K-std=c++20[m[Kâ€™ or â€˜[01m[K-fconcepts[m[Kâ€™
   38 |         void ImageProcessing::getBinaryImage([01;35m[Kauto[m[K &img, int &width, int &height); // check pointer
      |                                              [01;35m[K^~~~[m[K
[01m[K/home/lucasjko/sdfr_ws/src/ball_detection/include/ball_detection/image_processing.hpp:38:14:[m[K [01;31m[Kerror: [m[Kextra qualification â€˜[01m[KImageProcessing::[m[Kâ€™ on member â€˜[01m[KgetBinaryImage[m[Kâ€™ [[01;31m[K]8;;https://gcc.gnu.org/onlinedocs/gcc/Warning-Options.html#index-fpermissive-fpermissive]8;;[m[K]
   38 |         void [01;31m[KImageProcessing[m[K::getBinaryImage(auto &img, int &width, int &height); // check pointer
      |              [01;31m[K^~~~~~~~~~~~~~~[m[K
[01m[K/home/lucasjko/sdfr_ws/src/ball_detection/src/find_ball.cpp:[m[K In member function â€˜[01m[Kvoid FindBall::image_callback(sensor_msgs::msg::Image_<std::allocator<void> >::ConstSharedPtr)[m[Kâ€™:
[01m[K/home/lucasjko/sdfr_ws/src/ball_detection/src/find_ball.cpp:19:37:[m[K [01;31m[Kerror: [m[Kcannot call member function â€˜[01m[Kvoid ImageProcessing::getBinaryImage(auto:40&, int&, int&) [with auto:40 = std::shared_ptr<const sensor_msgs::msg::Image_<std::allocator<void> > >][m[Kâ€™ without object
   19 |     [01;31m[KImageProcessing::getBinaryImage (img, imageWidth, imageHeight)[m[K;
      |     [01;31m[K~~~~~~~~~~~~~~~~~~~~~~~~~~~~~~~~^~~~~~~~~~~~~~~~~~~~~~~~~~~~~~[m[K
gmake[2]: *** [CMakeFiles/find_ball_exe.dir/build.make:76: CMakeFiles/find_ball_exe.dir/src/find_ball.cpp.o] Error 1
gmake[1]: *** [CMakeFiles/Makefile2:137: CMakeFiles/find_ball_exe.dir/all] Error 2
gmake: *** [Makefile:146: all] Error 2
