[0.009s] Invoking command in '/home/lucasjko/sdfr_ws/build/ros2_introduction_message': CMAKE_PREFIX_PATH=/opt/ros/humble /usr/bin/cmake /home/lucasjko/sdfr_ws/src/ros2_introduction_message -DCMAKE_INSTALL_PREFIX=/home/lucasjko/sdfr_ws/install/ros2_introduction_message
[0.118s] -- The C compiler identification is GNU 11.4.0
[0.188s] -- The CXX compiler identification is GNU 11.4.0
[0.197s] -- Detecting C compiler ABI info
[0.266s] -- Detecting C compiler ABI info - done
[0.278s] -- Check for working C compiler: /usr/bin/cc - skipped
[0.278s] -- Detecting C compile features
[0.279s] -- Detecting C compile features - done
[0.282s] -- Detecting CXX compiler ABI info
[0.358s] -- Detecting CXX compiler ABI info - done
[0.375s] -- Check for working CXX compiler: /usr/bin/c++ - skipped
[0.375s] -- Detecting CXX compile features
[0.376s] -- Detecting CXX compile features - done
[0.385s] -- Found ament_cmake: 1.3.8 (/opt/ros/humble/share/ament_cmake/cmake)
[0.512s] -- Found Python3: /usr/local/bin/python3 (found version "3.12.2") found components: Interpreter 
[0.651s] -- Found rosidl_default_generators: 1.2.0 (/opt/ros/humble/share/rosidl_default_generators/cmake)
[0.654s] -- Using all available rosidl_typesupport_c: rosidl_typesupport_fastrtps_c;rosidl_typesupport_introspection_c
[0.661s] -- Found rosidl_adapter: 3.1.5 (/opt/ros/humble/share/rosidl_adapter/cmake)
[0.714s] -- Using all available rosidl_typesupport_cpp: rosidl_typesupport_fastrtps_cpp;rosidl_typesupport_introspection_cpp
[0.863s] [31mCMake Error at /opt/ros/humble/share/rosidl_adapter/cmake/rosidl_adapt_interfaces.cmake:59 (message):
[0.863s]   execute_process(/usr/local/bin/python3 -m rosidl_adapter --package-name
[0.863s]   ros2_introduction_message --arguments-file
[0.863s]   /home/lucasjko/sdfr_ws/build/ros2_introduction_message/rosidl_adapter__arguments__ros2_introduction_message.json
[0.863s]   --output-dir
[0.863s]   /home/lucasjko/sdfr_ws/build/ros2_introduction_message/rosidl_adapter/ros2_introduction_message
[0.863s]   --output-file
[0.863s]   /home/lucasjko/sdfr_ws/build/ros2_introduction_message/rosidl_adapter/ros2_introduction_message.idls)
[0.863s]   returned error code 1:
[0.863s] 
[0.863s]   AttributeError processing template 'msg.idl.em'
[0.864s] 
[0.864s]   Traceback (most recent call last):
[0.864s] 
[0.864s]     File "/opt/ros/humble/local/lib/python3.10/dist-packages/rosidl_adapter/resource/__init__.py", line 51, in evaluate_template
[0.864s]       em.BUFFERED_OPT: True,
[0.864s]       ^^^^^^^^^^^^^^^
[0.864s] 
[0.864s]   AttributeError: module 'em' has no attribute 'BUFFERED_OPT'
[0.864s] 
[0.864s]   
[0.865s] 
[0.865s]   During handling of the above exception, another exception occurred:
[0.865s] 
[0.865s]   
[0.865s] 
[0.865s]   Traceback (most recent call last):
[0.865s] 
[0.865s]     File "<frozen runpy>", line 198, in _run_module_as_main
[0.865s]     File "<frozen runpy>", line 88, in _run_code
[0.865s]     File "/opt/ros/humble/local/lib/python3.10/dist-packages/rosidl_adapter/__main__.py", line 19, in <module>
[0.865s]       sys.exit(main())
[0.866s]                ^^^^^^
[0.866s]     File "/opt/ros/humble/local/lib/python3.10/dist-packages/rosidl_adapter/main.py", line 53, in main
[0.866s]       abs_idl_file = convert_to_idl(
[0.866s]                      ^^^^^^^^^^^^^^^
[0.866s]     File "/opt/ros/humble/local/lib/python3.10/dist-packages/rosidl_adapter/__init__.py", line 19, in convert_to_idl
[0.866s]       return convert_msg_to_idl(
[0.866s]              ^^^^^^^^^^^^^^^^^^^
[0.866s]     File "/opt/ros/humble/local/lib/python3.10/dist-packages/rosidl_adapter/msg/__init__.py", line 39, in convert_msg_to_idl
[0.866s]       expand_template('msg.idl.em', data, output_file, encoding='iso-8859-1')
[0.866s]     File "/opt/ros/humble/local/lib/python3.10/dist-packages/rosidl_adapter/resource/__init__.py", line 23, in expand_template
[0.867s]       content = evaluate_template(template_name, data)
[0.867s]                 ^^^^^^^^^^^^^^^^^^^^^^^^^^^^^^^^^^^^^^
[0.867s]     File "/opt/ros/humble/local/lib/python3.10/dist-packages/rosidl_adapter/resource/__init__.py", line 69, in evaluate_template
[0.867s]       _interpreter.shutdown()
[0.867s]       ^^^^^^^^^^^^^^^^^^^^^
[0.867s] 
[0.867s]   AttributeError: 'NoneType' object has no attribute 'shutdown'
[0.867s] 
[0.867s] Call Stack (most recent call first):
[0.867s]   /opt/ros/humble/share/rosidl_cmake/cmake/rosidl_generate_interfaces.cmake:130 (rosidl_adapt_interfaces)
[0.868s]   CMakeLists.txt:12 (rosidl_generate_interfaces)
[0.868s] 
[0.868s] [0m
[0.868s] -- Configuring incomplete, errors occurred!
[0.868s] See also "/home/lucasjko/sdfr_ws/build/ros2_introduction_message/CMakeFiles/CMakeOutput.log".
[0.871s] Invoked command in '/home/lucasjko/sdfr_ws/build/ros2_introduction_message' returned '1': CMAKE_PREFIX_PATH=/opt/ros/humble /usr/bin/cmake /home/lucasjko/sdfr_ws/src/ros2_introduction_message -DCMAKE_INSTALL_PREFIX=/home/lucasjko/sdfr_ws/install/ros2_introduction_message
