[0.015s] Invoking command in '/home/lucasjko/sdfr_ws/build/ros2_introduction': CMAKE_PREFIX_PATH=/home/lucasjko/sdfr_ws/install/image_functions_sdfr:/home/lucasjko/sdfr_ws/install/ros2_introduction:/opt/ros/humble /usr/bin/cmake --build /home/lucasjko/sdfr_ws/build/ros2_introduction -- -j8 -l8
[0.066s] [ 50%] [32mBuilding CXX object CMakeFiles/brightness_detection.dir/src/brightness_detection.cpp.o[0m
[2.215s] In file included from [01m[K/home/lucasjko/sdfr_ws/src/ros2_introduction/src/brightness_detection.cpp:1[m[K:
[2.215s] [01m[K/home/lucasjko/sdfr_ws/src/ros2_introduction/include/ros2_introduction/brightness_detection.hpp:46:48:[m[K [01;31m[Kerror: [m[Kâ€˜[01m[KInt8[m[Kâ€™ is not a member of â€˜[01m[Kexample_interfaces::msg[m[Kâ€™; did you mean â€˜[01m[KUInt8[m[Kâ€™?
[2.215s]    46 |     rclcpp::Publisher<example_interfaces::msg::[01;31m[KInt8[m[K>::SharedPtr publisherLightLevel_;
[2.215s]       |                                                [01;31m[K^~~~[m[K
[2.215s]       |                                                [32m[KUInt8[m[K
[2.215s] [01m[K/home/lucasjko/sdfr_ws/src/ros2_introduction/include/ros2_introduction/brightness_detection.hpp:46:52:[m[K [01;31m[Kerror: [m[Ktemplate argument 1 is invalid
[2.215s]    46 |     rclcpp::Publisher<example_interfaces::msg::Int8[01;31m[K>[m[K::SharedPtr publisherLightLevel_;
[2.215s]       |                                                    [01;31m[K^[m[K
[2.215s] [01m[K/home/lucasjko/sdfr_ws/src/ros2_introduction/include/ros2_introduction/brightness_detection.hpp:46:55:[m[K [01;31m[Kerror: [m[Kexpected â€˜[01m[K;[m[Kâ€™ at end of member declaration
[2.215s]    46 |     rclcpp::Publisher<example_interfaces::msg::Int8>::[01;31m[KSharedPtr[m[K publisherLightLevel_;
[2.216s]       |                                                       [01;31m[K^~~~~~~~~[m[K
[2.216s]       |                                                                [32m[K;[m[K
[2.222s] [01m[K/home/lucasjko/sdfr_ws/src/ros2_introduction/include/ros2_introduction/brightness_detection.hpp:46:65:[m[K [01;31m[Kerror: [m[Kâ€˜[01m[KpublisherLightLevel_[m[Kâ€™ does not name a type
[2.222s]    46 | rclcpp::Publisher<example_interfaces::msg::Int8>::SharedPtr [01;31m[KpublisherLightLevel_[m[K;
[2.223s]       |                                                             [01;31m[K^~~~~~~~~~~~~~~~~~~~[m[K
[2.223s] 
[2.243s] [01m[K/home/lucasjko/sdfr_ws/src/ros2_introduction/src/brightness_detection.cpp:[m[K In constructor â€˜[01m[KBrightnessDetection::BrightnessDetection()[m[Kâ€™:
[2.243s] [01m[K/home/lucasjko/sdfr_ws/src/ros2_introduction/src/brightness_detection.cpp:7:5:[m[K [01;31m[Kerror: [m[Kâ€˜[01m[KpublisherLightLevel_[m[Kâ€™ was not declared in this scope
[2.243s]     7 |     [01;31m[KpublisherLightLevel_[m[K = this->create_publisher<example_interfaces::msg::UInt8>("light_level", 10);
[2.243s]       |     [01;31m[K^~~~~~~~~~~~~~~~~~~~[m[K
[2.258s] [01m[K/home/lucasjko/sdfr_ws/src/ros2_introduction/src/brightness_detection.cpp:[m[K In member function â€˜[01m[Kvoid BrightnessDetection::image_callback(sensor_msgs::msg::Image_<std::allocator<void> >::ConstSharedPtr)[m[Kâ€™:
[2.258s] [01m[K/home/lucasjko/sdfr_ws/src/ros2_introduction/src/brightness_detection.cpp:46:5:[m[K [01;31m[Kerror: [m[Kâ€˜[01m[KpublisherLightLevel_[m[Kâ€™ was not declared in this scope
[2.258s]    46 |     [01;31m[KpublisherLightLevel_[m[K->publish(lightLevelMsg);
[2.259s]       |     [01;31m[K^~~~~~~~~~~~~~~~~~~~[m[K
[4.387s] gmake[2]: *** [CMakeFiles/brightness_detection.dir/build.make:76: CMakeFiles/brightness_detection.dir/src/brightness_detection.cpp.o] Error 1
[4.387s] gmake[1]: *** [CMakeFiles/Makefile2:137: CMakeFiles/brightness_detection.dir/all] Error 2
[4.387s] gmake: *** [Makefile:146: all] Error 2
[4.389s] Invoked command in '/home/lucasjko/sdfr_ws/build/ros2_introduction' returned '2': CMAKE_PREFIX_PATH=/home/lucasjko/sdfr_ws/install/image_functions_sdfr:/home/lucasjko/sdfr_ws/install/ros2_introduction:/opt/ros/humble /usr/bin/cmake --build /home/lucasjko/sdfr_ws/build/ros2_introduction -- -j8 -l8
