[0.020s] Invoking command in '/home/lucasjko/sdfr_ws/build/ball_detection': CMAKE_PREFIX_PATH=/home/lucasjko/sdfr_ws/install/image_functions_sdfr:/home/lucasjko/sdfr_ws/install/ball_detection_message:/home/lucasjko/sdfr_ws/install/ros2_introduction:/home/lucasjko/sdfr_ws/install/ros2_introduction_message:/home/lucasjko/sdfr_ws/install/ball_detection:/opt/ros/humble LD_LIBRARY_PATH=/home/lucasjko/sdfr_ws/install/image_functions_sdfr/lib:/home/lucasjko/sdfr_ws/install/ball_detection_message/lib:/home/lucasjko/sdfr_ws/install/ros2_introduction_message/lib:/opt/ros/humble/opt/rviz_ogre_vendor/lib:/opt/ros/humble/lib/x86_64-linux-gnu:/opt/ros/humble/lib /usr/bin/cmake --build /home/lucasjko/sdfr_ws/build/ball_detection -- -j8 -l8
[0.074s] [ 50%] [32mBuilding CXX object CMakeFiles/find_ball.dir/src/find_ball.cpp.o[0m
[2.305s] [01m[K/home/lucasjko/sdfr_ws/src/ball_detection/src/find_ball.cpp:[m[K In constructor â€˜[01m[KFindBall::FindBall()[m[Kâ€™:
[2.305s] [01m[K/home/lucasjko/sdfr_ws/src/ball_detection/src/find_ball.cpp:6:99:[m[K [01;31m[Kerror: [m[Kâ€˜[01m[KBrightnessDetectionMessage[m[Kâ€™ has not been declared
[2.306s]     6 | bscription<sensor_msgs::msg::Image>("image", 10, std::bind(&[01;31m[KBrightnessDetectionMessage[m[K::image_callback, this, _1));
[2.306s]       |                                                             [01;31m[K^~~~~~~~~~~~~~~~~~~~~~~~~~[m[K
[2.306s] 
[2.308s] [01m[K/home/lucasjko/sdfr_ws/src/ball_detection/src/find_ball.cpp:[m[K In member function â€˜[01m[Kvoid FindBall::image_callback(sensor_msgs::msg::Image_<std::allocator<void> >::ConstSharedPtr)[m[Kâ€™:
[2.308s] [01m[K/home/lucasjko/sdfr_ws/src/ball_detection/src/find_ball.cpp:9:71:[m[K [01;35m[Kwarning: [m[Kunused parameter â€˜[01m[Kimg[m[Kâ€™ [[01;35m[K]8;;https://gcc.gnu.org/onlinedocs/gcc/Warning-Options.html#index-Wunused-parameter-Wunused-parameter]8;;[m[K]
[2.308s]     9 | FindBall::image_callback([01;35m[Ksensor_msgs::msg::Image::ConstSharedPtr img[m[K) {
[2.308s]       |                          [01;35m[K~~~~~~~~~~~~~~~~~~~~~~~~~~~~~~~~~~~~~~~~^~~[m[K
[2.308s] 
[2.718s] gmake[2]: *** [CMakeFiles/find_ball.dir/build.make:76: CMakeFiles/find_ball.dir/src/find_ball.cpp.o] Error 1
[2.719s] gmake[1]: *** [CMakeFiles/Makefile2:137: CMakeFiles/find_ball.dir/all] Error 2
[2.719s] gmake: *** [Makefile:146: all] Error 2
[2.721s] Invoked command in '/home/lucasjko/sdfr_ws/build/ball_detection' returned '2': CMAKE_PREFIX_PATH=/home/lucasjko/sdfr_ws/install/image_functions_sdfr:/home/lucasjko/sdfr_ws/install/ball_detection_message:/home/lucasjko/sdfr_ws/install/ros2_introduction:/home/lucasjko/sdfr_ws/install/ros2_introduction_message:/home/lucasjko/sdfr_ws/install/ball_detection:/opt/ros/humble LD_LIBRARY_PATH=/home/lucasjko/sdfr_ws/install/image_functions_sdfr/lib:/home/lucasjko/sdfr_ws/install/ball_detection_message/lib:/home/lucasjko/sdfr_ws/install/ros2_introduction_message/lib:/opt/ros/humble/opt/rviz_ogre_vendor/lib:/opt/ros/humble/lib/x86_64-linux-gnu:/opt/ros/humble/lib /usr/bin/cmake --build /home/lucasjko/sdfr_ws/build/ball_detection -- -j8 -l8
