-- Found ament_cmake: 1.3.8 (/opt/ros/humble/share/ament_cmake/cmake)
-- Found rclcpp: 16.0.8 (/opt/ros/humble/share/rclcpp/cmake)
-- Found rosidl_generator_c: 3.1.5 (/opt/ros/humble/share/rosidl_generator_c/cmake)
-- Found rosidl_adapter: 3.1.5 (/opt/ros/humble/share/rosidl_adapter/cmake)
-- Found rosidl_generator_cpp: 3.1.5 (/opt/ros/humble/share/rosidl_generator_cpp/cmake)
-- Using all available rosidl_typesupport_c: rosidl_typesupport_fastrtps_c;rosidl_typesupport_introspection_c
-- Using all available rosidl_typesupport_cpp: rosidl_typesupport_fastrtps_cpp;rosidl_typesupport_introspection_cpp
-- Found rmw_implementation_cmake: 6.1.1 (/opt/ros/humble/share/rmw_implementation_cmake/cmake)
-- Found rmw_fastrtps_cpp: 6.2.6 (/opt/ros/humble/share/rmw_fastrtps_cpp/cmake)
-- Using RMW implementation 'rmw_fastrtps_cpp' as default
-- Found sensor_msgs: 4.2.3 (/opt/ros/humble/share/sensor_msgs/cmake)
-- Found image_functions_sdfr: 2.1.0 (/home/lucasjko/sdfr_ws/install/image_functions_sdfr/share/image_functions_sdfr/cmake)
-- Found ball_detection_message: 1.0.0 (/home/lucasjko/sdfr_ws/install/ball_detection_message/share/ball_detection_message/cmake)
-- Configuring done
-- Generating done
-- Build files have been written to: /home/lucasjko/sdfr_ws/build/ball_detection
[ 25%] [32mBuilding CXX object CMakeFiles/image_processing_lib.dir/src/image_processing.cpp.o[0m
In file included from [01m[K/home/lucasjko/sdfr_ws/src/ball_detection/src/image_processing.cpp:1[m[K:
[01m[K/home/lucasjko/sdfr_ws/src/ball_detection/src/../include/ball_detection/image_processing.hpp:12:29:[m[K [01;35m[Kwarning: [m[Kuse of â€˜[01m[Kauto[m[Kâ€™ in parameter declaration only available with â€˜[01m[K-std=c++20[m[Kâ€™ or â€˜[01m[K-fconcepts[m[Kâ€™
   12 |         void getBinaryImage([01;35m[Kauto[m[K &img, int &width, int &height); // check pointer
      |                             [01;35m[K^~~~[m[K
[01m[K/home/lucasjko/sdfr_ws/src/ball_detection/src/image_processing.cpp:77:38:[m[K [01;35m[Kwarning: [m[Kuse of â€˜[01m[Kauto[m[Kâ€™ in parameter declaration only available with â€˜[01m[K-std=c++20[m[Kâ€™ or â€˜[01m[K-fconcepts[m[Kâ€™
   77 | void ImageProcessing::getBinaryImage([01;35m[Kauto[m[K &img, int &width, int &height){
      |                                      [01;35m[K^~~~[m[K
[ 50%] [32m[1mLinking CXX static library libimage_processing_lib.a[0m
[ 50%] Built target image_processing_lib
[35m[1mConsolidate compiler generated dependencies of target find_ball_exe[0m
[ 75%] [32mBuilding CXX object CMakeFiles/find_ball_exe.dir/src/find_ball.cpp.o[0m
In file included from [01m[K/home/lucasjko/sdfr_ws/src/ball_detection/src/find_ball.cpp:2[m[K:
[01m[K/home/lucasjko/sdfr_ws/src/ball_detection/include/ball_detection/image_processing.hpp:12:29:[m[K [01;35m[Kwarning: [m[Kuse of â€˜[01m[Kauto[m[Kâ€™ in parameter declaration only available with â€˜[01m[K-std=c++20[m[Kâ€™ or â€˜[01m[K-fconcepts[m[Kâ€™
   12 |         void getBinaryImage([01;35m[Kauto[m[K &img, int &width, int &height); // check pointer
      |                             [01;35m[K^~~~[m[K
[100%] [32m[1mLinking CXX executable find_ball_exe[0m
/usr/bin/ld: CMakeFiles/find_ball_exe.dir/src/find_ball.cpp.o: in function `FindBall::image_callback(std::shared_ptr<sensor_msgs::msg::Image_<std::allocator<void> > const>)':
find_ball.cpp:(.text+0x618): undefined reference to `void ImageProcessing::getBinaryImage<std::shared_ptr<sensor_msgs::msg::Image_<std::allocator<void> > const> >(std::shared_ptr<sensor_msgs::msg::Image_<std::allocator<void> > const>&, int&, int&)'
collect2: error: ld returned 1 exit status
gmake[2]: *** [CMakeFiles/find_ball_exe.dir/build.make:185: find_ball_exe] Error 1
gmake[1]: *** [CMakeFiles/Makefile2:165: CMakeFiles/find_ball_exe.dir/all] Error 2
gmake: *** [Makefile:146: all] Error 2
