[0.017s] Invoking command in '/home/lucasjko/sdfr_ws/build/ros2_introduction': CMAKE_PREFIX_PATH=/home/lucasjko/sdfr_ws/install/ros2_introduction_message:/home/lucasjko/sdfr_ws/install/image_functions_sdfr:/home/lucasjko/sdfr_ws/install/ros2_introduction:/home/lucasjko/sdfr_ws/install/ball_detection:/home/lucasjko/sdfr_ws/install/ball_detection_message:/opt/ros/humble /usr/bin/cmake --build /home/lucasjko/sdfr_ws/build/ros2_introduction -- -j8 -l8
[0.061s] [35m[1mConsolidate compiler generated dependencies of target brightness_detection_message[0m
[0.061s] [35m[1mConsolidate compiler generated dependencies of target brightness_detection[0m
[0.081s] [ 75%] [32mBuilding CXX object CMakeFiles/brightness_detection.dir/src/brightness_detection.cpp.o[0m
[0.081s] [ 75%] Built target brightness_detection_message
[2.265s] [01m[K/home/lucasjko/sdfr_ws/src/ros2_introduction/src/brightness_detection.cpp:[m[K In member function â€˜[01m[Kvoid BrightnessDetection::image_callback(sensor_msgs::msg::Image_<std::allocator<void> >::ConstSharedPtr)[m[Kâ€™:
[2.265s] [01m[K/home/lucasjko/sdfr_ws/src/ros2_introduction/src/brightness_detection.cpp:38:37:[m[K [01;31m[Kerror: [m[Kinvalid conversion from â€˜[01m[Kint*[m[Kâ€™ to â€˜[01m[Kint[m[Kâ€™ [[01;31m[K]8;;https://gcc.gnu.org/onlinedocs/gcc/Warning-Options.html#index-fpermissive-fpermissive]8;;[m[K]
[2.266s]    38 |     lightLevel = getLightLevel(img, [01;31m[K&imageWidth[m[K, &imageHeight);
[2.266s]       |                                     [01;31m[K^~~~~~~~~~~[m[K
[2.266s]       |                                     [01;31m[K|[m[K
[2.266s]       |                                     [01;31m[Kint*[m[K
[2.266s] [01m[K/home/lucasjko/sdfr_ws/src/ros2_introduction/src/brightness_detection.cpp:11:91:[m[K [01;36m[Knote: [m[K  initializing argument 2 of â€˜[01m[Kint BrightnessDetection::getLightLevel(sensor_msgs::msg::Image_<std::allocator<void> >::ConstSharedPtr, int&, int&)[m[Kâ€™
[2.266s]    11 | ghtLevel(sensor_msgs::msg::Image::ConstSharedPtr img, [01;36m[Kint  &width[m[K, int &height){
[2.266s]       |                                                       [01;36m[K~~~~~~^~~~~[m[K
[2.266s] 
[2.266s] [01m[K/home/lucasjko/sdfr_ws/src/ros2_introduction/src/brightness_detection.cpp:38:37:[m[K [01;31m[Kerror: [m[Kcannot bind rvalue â€˜[01m[K(int)(&((BrightnessDetection*)this)->BrightnessDetection::imageWidth)[m[Kâ€™ to â€˜[01m[Kint&[m[Kâ€™
[2.266s]    38 |     lightLevel = getLightLevel(img, [01;31m[K&imageWidth[m[K, &imageHeight);
[2.267s]       |                                     [01;31m[K^~~~~~~~~~~[m[K
[4.686s] gmake[2]: *** [CMakeFiles/brightness_detection.dir/build.make:76: CMakeFiles/brightness_detection.dir/src/brightness_detection.cpp.o] Error 1
[4.686s] gmake[1]: *** [CMakeFiles/Makefile2:139: CMakeFiles/brightness_detection.dir/all] Error 2
[4.687s] gmake: *** [Makefile:146: all] Error 2
[4.689s] Invoked command in '/home/lucasjko/sdfr_ws/build/ros2_introduction' returned '2': CMAKE_PREFIX_PATH=/home/lucasjko/sdfr_ws/install/ros2_introduction_message:/home/lucasjko/sdfr_ws/install/image_functions_sdfr:/home/lucasjko/sdfr_ws/install/ros2_introduction:/home/lucasjko/sdfr_ws/install/ball_detection:/home/lucasjko/sdfr_ws/install/ball_detection_message:/opt/ros/humble /usr/bin/cmake --build /home/lucasjko/sdfr_ws/build/ros2_introduction -- -j8 -l8
